Terminals unused in grammar

   ADD
   SUB
   MUL
   DIV
   MOD
   LPAREN
   RPAREN
   LCURLY
   RCURLY
   LBRAC
   RBRAC
   CONST
   VOID
   LE
   LEQ
   GE
   GEQ
   EQ
   NEQ
   AND
   OR
   NOT
   IF
   ELSE
   WHILE
   BREAK
   CONT
   RETURN
   ASSIGN
   COMMA
   PERIOD
   NUMBER


Grammar

    0 $accept: CompUnit $end

    1 CompUnit: Decl
    2         | CompUnit Decl

    3 Decl: VarDecl

    4 VarDecl: BType VarDefs SEMI

    5 BType: INT

    6 VarDefs: VarDef
    7        | VarDefs VarDef

    8 VarDef: IDENT


Terminals, with rules where they appear

$end (0) 0
error (256)
ADD (258)
SUB (259)
MUL (260)
DIV (261)
MOD (262)
IDENT (263) 8
LPAREN (264)
RPAREN (265)
LCURLY (266)
RCURLY (267)
LBRAC (268)
RBRAC (269)
INT (270) 5
CONST (271)
VOID (272)
LE (273)
LEQ (274)
GE (275)
GEQ (276)
EQ (277)
NEQ (278)
AND (279)
OR (280)
NOT (281)
IF (282)
ELSE (283)
WHILE (284)
BREAK (285)
CONT (286)
RETURN (287)
ASSIGN (288)
SEMI (289) 4
COMMA (290)
PERIOD (291)
NUMBER (292)


Nonterminals, with rules where they appear

$accept (38)
    on left: 0
CompUnit (39)
    on left: 1 2, on right: 0 2
Decl (40)
    on left: 3, on right: 1 2
VarDecl (41)
    on left: 4, on right: 3
BType (42)
    on left: 5, on right: 4
VarDefs (43)
    on left: 6 7, on right: 4 7
VarDef (44)
    on left: 8, on right: 6 7


State 0

    0 $accept: . CompUnit $end

    INT  shift, and go to state 1

    CompUnit  go to state 2
    Decl      go to state 3
    VarDecl   go to state 4
    BType     go to state 5


State 1

    5 BType: INT .

    $default  reduce using rule 5 (BType)


State 2

    0 $accept: CompUnit . $end
    2 CompUnit: CompUnit . Decl

    $end  shift, and go to state 6
    INT   shift, and go to state 1

    Decl     go to state 7
    VarDecl  go to state 4
    BType    go to state 5


State 3

    1 CompUnit: Decl .

    $default  reduce using rule 1 (CompUnit)


State 4

    3 Decl: VarDecl .

    $default  reduce using rule 3 (Decl)


State 5

    4 VarDecl: BType . VarDefs SEMI

    IDENT  shift, and go to state 8

    VarDefs  go to state 9
    VarDef   go to state 10


State 6

    0 $accept: CompUnit $end .

    $default  accept


State 7

    2 CompUnit: CompUnit Decl .

    $default  reduce using rule 2 (CompUnit)


State 8

    8 VarDef: IDENT .

    $default  reduce using rule 8 (VarDef)


State 9

    4 VarDecl: BType VarDefs . SEMI
    7 VarDefs: VarDefs . VarDef

    IDENT  shift, and go to state 8
    SEMI   shift, and go to state 11

    VarDef  go to state 12


State 10

    6 VarDefs: VarDef .

    $default  reduce using rule 6 (VarDefs)


State 11

    4 VarDecl: BType VarDefs SEMI .

    $default  reduce using rule 4 (VarDecl)


State 12

    7 VarDefs: VarDefs VarDef .

    $default  reduce using rule 7 (VarDefs)
